QMK Firmware 0.6.220
[33;01mWARNING:[0m
 Some git sub-modules are out of date or modified, please consider running:[1m
 make git-submodule
 You can ignore this warning if you are not compiling any ChibiOS keyboards,
 or if you have modified the ChibiOS libraries yourself. 

[0mMaking [1mergodox_ez[0m with keymap [1m5dc2e600151314478539[0m

avr-gcc (GCC) 4.9.2
Copyright (C) 2014 Free Software Foundation, Inc.
This is free software; see the source for copying conditions.  There is NO
warranty; not even for MERCHANTABILITY or FITNESS FOR A PARTICULAR PURPOSE.

Compiling: keyboards/ergodox_ez/ergodox_ez.c                                                       Compiling: keyboards/ergodox_ez/keymaps/5dc2e600151314478539/keymap.c                              Compiling: keyboards/ergodox_ez/matrix.c                                                           Compiling: quantum/quantum.c                                                                       Compiling: quantum/keymap_common.c                                                                 Compiling: quantum/keycode_config.c                                                                 [32;01m[OK][0m
 [32;01m[OK][0m
 [32;01m[OK][0m
Compiling: quantum/process_keycode/process_unicode_common.c                                        Compiling: quantum/process_keycode/process_unicode.c                                               Compiling: quantum/color.c                                                                          [32;01m[OK][0m
Compiling: quantum/rgb_matrix.c                                                                     [32;01m[OK][0m
 [32;01m[OK][0m
 [32;01m[OK][0m
Compiling: drivers/issi/is31fl3731.c                                                               Compiling: drivers/avr/i2c_master.c                                                                Compiling: quantum/rgb_matrix_drivers.c                                                             [32;01m[OK][0m
Compiling: quantum/led_tables.c                                                                     [32;01m[OK][0m
 [32;01m[OK][0m
Compiling: tmk_core/common/host.c                                                                   [32;01m[OK][0m
Compiling: tmk_core/common/keyboard.c                                                               [32;01m[OK][0m
Compiling: tmk_core/common/action.c                                                                Compiling: tmk_core/common/action_tapping.c                                                         [32;01m[OK][0m
Compiling: tmk_core/common/action_macro.c                                                           [32;01m[OK][0m
Compiling: tmk_core/common/action_layer.c                                                           [32;01m[OK][0m
Compiling: tmk_core/common/action_util.c                                                            [32;01m[OK][0m
Compiling: tmk_core/common/print.c                                                                  [32;01m[OK][0m
Compiling: tmk_core/common/debug.c                                                                  [32;01m[OK][0m
Compiling: tmk_core/common/util.c                                                                   [32;01m[OK][0m
 [32;01m[OK][0m
Compiling: tmk_core/common/eeconfig.c                                                               [32;01m[OK][0m
Compiling: tmk_core/common/report.c                                                                 [32;01m[OK][0m
Compiling: tmk_core/common/avr/suspend.c                                                            [32;01m[OK][0m
Compiling: tmk_core/common/avr/timer.c                                                              [32;01m[OK][0m
Compiling: tmk_core/common/avr/bootloader.c                                                        Assembling: tmk_core/common/avr/xprintf.S                                                           [32;01m[OK][0m
Compiling: tmk_core/common/magic.c                                                                  [32;01m[OK][0m
 [32;01m[OK][0m
Compiling: tmk_core/common/mousekey.c                                                               [32;01m[OK][0m
Compiling: tmk_core/protocol/lufa/lufa.c                                                           Compiling: tmk_core/protocol/usb_descriptor.c                                                       [32;01m[OK][0m
Compiling: tmk_core/protocol/lufa/outputselect.c                                                    [32;01m[OK][0m
 [32;01m[OK][0m
Compiling: lib/lufa/LUFA/Drivers/USB/Class/Common/HIDParser.c                                      Compiling: lib/lufa/LUFA/Drivers/USB/Core/AVR8/Device_AVR8.c                                        [32;01m[OK][0m
 [32;01m[OK][0m
 [32;01m[OK][0m
Compiling: lib/lufa/LUFA/Drivers/USB/Core/AVR8/Endpoint_AVR8.c                                     Compiling: lib/lufa/LUFA/Drivers/USB/Core/AVR8/EndpointStream_AVR8.c                               Compiling: lib/lufa/LUFA/Drivers/USB/Core/AVR8/Host_AVR8.c                                          [32;01m[OK][0m
 [32;01m[OK][0m
 [32;01m[OK][0m
Compiling: lib/lufa/LUFA/Drivers/USB/Core/AVR8/USBController_AVR8.c                                Compiling: lib/lufa/LUFA/Drivers/USB/Core/AVR8/PipeStream_AVR8.c                                   Compiling: lib/lufa/LUFA/Drivers/USB/Core/AVR8/Pipe_AVR8.c                                          [32;01m[OK][0m
 [32;01m[OK][0m
 [32;01m[OK][0m
Compiling: lib/lufa/LUFA/Drivers/USB/Core/AVR8/USBInterrupt_AVR8.c                                  [32;01m[OK][0m
Compiling: lib/lufa/LUFA/Drivers/USB/Core/ConfigDescriptors.c                                      Compiling: lib/lufa/LUFA/Drivers/USB/Core/Events.c                                                 Compiling: lib/lufa/LUFA/Drivers/USB/Core/DeviceStandardReq.c                                       [32;01m[OK][0m
Compiling: lib/lufa/LUFA/Drivers/USB/Core/HostStandardReq.c                                         [32;01m[OK][0m
 [32;01m[OK][0m
 [32;01m[OK][0m
Compiling: lib/lufa/LUFA/Drivers/USB/Core/USBTask.c                                                 [32;01m[OK][0m
 [32;01m[OK][0m
 [32;01m[OK][0m
 [32;01m[OK][0m
Linking: .build/ergodox_ez_5dc2e600151314478539.elf                                                 [32;01m[OK][0m
Creating load file for flashing: .build/ergodox_ez_5dc2e600151314478539.hex                         [32;01m[OK][0m
Copying ergodox_ez_5dc2e600151314478539.hex to qmk_firmware folder                                  [32;01m[OK][0m
